<?xml version="1.0" encoding="UTF-8"?>
<testng-results ignored="0" total="24" passed="22" failed="2" skipped="0">
  <reporter-output>
  </reporter-output>
  <suite started-at="2023-07-27T16:19:37 IST" name="Command line suite" finished-at="2023-07-27T16:20:04 IST" duration-ms="27567">
    <groups>
      <group name="Linktext">
        <method signature="FacebookTest.Linktest()[pri:3, instance:Testng.FacebookTest@6025e1b6]" name="Linktest" class="Testng.FacebookTest"/>
      </group> <!-- Linktext -->
      <group name="Test">
        <method signature="FacebookTest.test4()[pri:4, instance:Testng.FacebookTest@6025e1b6]" name="test4" class="Testng.FacebookTest"/>
        <method signature="FacebookTest.test5()[pri:5, instance:Testng.FacebookTest@6025e1b6]" name="test5" class="Testng.FacebookTest"/>
        <method signature="FacebookTest.test6()[pri:6, instance:Testng.FacebookTest@6025e1b6]" name="test6" class="Testng.FacebookTest"/>
      </group> <!-- Test -->
      <group name="Title">
        <method signature="FacebookTest.test_title()[pri:1, instance:Testng.FacebookTest@6025e1b6]" name="test_title" class="Testng.FacebookTest"/>
      </group> <!-- Title -->
      <group name="logo">
        <method signature="FacebookTest.googleLogotest()[pri:2, instance:Testng.FacebookTest@6025e1b6]" name="googleLogotest" class="Testng.FacebookTest"/>
      </group> <!-- logo -->
    </groups>
    <test started-at="2023-07-27T16:19:37 IST" name="Command line test" finished-at="2023-07-27T16:20:04 IST" duration-ms="27567">
      <class name="Testng.FacebookTest">
        <test-method is-config="true" signature="Setup()[pri:0, instance:Testng.FacebookTest@6025e1b6]" started-at="2023-07-27T16:19:37 IST" name="Setup" finished-at="2023-07-27T16:19:44 IST" duration-ms="6997" status="PASS">
          <reporter-output>
          </reporter-output>
        </test-method> <!-- Setup -->
        <test-method signature="test_title()[pri:1, instance:Testng.FacebookTest@6025e1b6]" started-at="2023-07-27T16:19:44 IST" name="test_title" finished-at="2023-07-27T16:19:44 IST" duration-ms="10" status="PASS">
          <reporter-output>
          </reporter-output>
        </test-method> <!-- test_title -->
        <test-method is-config="true" signature="teardown()[pri:0, instance:Testng.FacebookTest@6025e1b6]" started-at="2023-07-27T16:19:44 IST" name="teardown" finished-at="2023-07-27T16:19:44 IST" duration-ms="112" status="PASS">
          <reporter-output>
          </reporter-output>
        </test-method> <!-- teardown -->
        <test-method is-config="true" signature="Setup()[pri:0, instance:Testng.FacebookTest@6025e1b6]" started-at="2023-07-27T16:19:44 IST" name="Setup" finished-at="2023-07-27T16:19:47 IST" duration-ms="3015" status="PASS">
          <reporter-output>
          </reporter-output>
        </test-method> <!-- Setup -->
        <test-method signature="googleLogotest()[pri:2, instance:Testng.FacebookTest@6025e1b6]" started-at="2023-07-27T16:19:47 IST" name="googleLogotest" finished-at="2023-07-27T16:19:47 IST" duration-ms="68" status="PASS">
          <reporter-output>
          </reporter-output>
        </test-method> <!-- googleLogotest -->
        <test-method is-config="true" signature="teardown()[pri:0, instance:Testng.FacebookTest@6025e1b6]" started-at="2023-07-27T16:19:47 IST" name="teardown" finished-at="2023-07-27T16:19:47 IST" duration-ms="128" status="PASS">
          <reporter-output>
          </reporter-output>
        </test-method> <!-- teardown -->
        <test-method is-config="true" signature="Setup()[pri:0, instance:Testng.FacebookTest@6025e1b6]" started-at="2023-07-27T16:19:47 IST" name="Setup" finished-at="2023-07-27T16:19:50 IST" duration-ms="3268" status="PASS">
          <reporter-output>
          </reporter-output>
        </test-method> <!-- Setup -->
        <test-method signature="Linktest()[pri:3, instance:Testng.FacebookTest@6025e1b6]" started-at="2023-07-27T16:19:50 IST" name="Linktest" finished-at="2023-07-27T16:19:50 IST" duration-ms="91" status="PASS">
          <reporter-output>
          </reporter-output>
        </test-method> <!-- Linktest -->
        <test-method is-config="true" signature="teardown()[pri:0, instance:Testng.FacebookTest@6025e1b6]" started-at="2023-07-27T16:19:50 IST" name="teardown" finished-at="2023-07-27T16:19:51 IST" duration-ms="105" status="PASS">
          <reporter-output>
          </reporter-output>
        </test-method> <!-- teardown -->
        <test-method is-config="true" signature="Setup()[pri:0, instance:Testng.FacebookTest@6025e1b6]" started-at="2023-07-27T16:19:51 IST" name="Setup" finished-at="2023-07-27T16:19:54 IST" duration-ms="3727" status="PASS">
          <reporter-output>
          </reporter-output>
        </test-method> <!-- Setup -->
        <test-method signature="test4()[pri:4, instance:Testng.FacebookTest@6025e1b6]" started-at="2023-07-27T16:19:54 IST" name="test4" finished-at="2023-07-27T16:19:54 IST" duration-ms="0" status="PASS">
          <reporter-output>
          </reporter-output>
        </test-method> <!-- test4 -->
        <test-method is-config="true" signature="teardown()[pri:0, instance:Testng.FacebookTest@6025e1b6]" started-at="2023-07-27T16:19:54 IST" name="teardown" finished-at="2023-07-27T16:19:54 IST" duration-ms="104" status="PASS">
          <reporter-output>
          </reporter-output>
        </test-method> <!-- teardown -->
        <test-method is-config="true" signature="Setup()[pri:0, instance:Testng.FacebookTest@6025e1b6]" started-at="2023-07-27T16:19:54 IST" name="Setup" finished-at="2023-07-27T16:19:58 IST" duration-ms="3499" status="PASS">
          <reporter-output>
          </reporter-output>
        </test-method> <!-- Setup -->
        <test-method signature="test5()[pri:5, instance:Testng.FacebookTest@6025e1b6]" started-at="2023-07-27T16:19:58 IST" name="test5" finished-at="2023-07-27T16:19:58 IST" duration-ms="0" status="PASS">
          <reporter-output>
          </reporter-output>
        </test-method> <!-- test5 -->
        <test-method is-config="true" signature="teardown()[pri:0, instance:Testng.FacebookTest@6025e1b6]" started-at="2023-07-27T16:19:58 IST" name="teardown" finished-at="2023-07-27T16:19:58 IST" duration-ms="118" status="PASS">
          <reporter-output>
          </reporter-output>
        </test-method> <!-- teardown -->
        <test-method is-config="true" signature="Setup()[pri:0, instance:Testng.FacebookTest@6025e1b6]" started-at="2023-07-27T16:19:58 IST" name="Setup" finished-at="2023-07-27T16:20:01 IST" duration-ms="2923" status="PASS">
          <reporter-output>
          </reporter-output>
        </test-method> <!-- Setup -->
        <test-method signature="test6()[pri:6, instance:Testng.FacebookTest@6025e1b6]" started-at="2023-07-27T16:20:01 IST" name="test6" finished-at="2023-07-27T16:20:01 IST" duration-ms="0" status="PASS">
          <reporter-output>
          </reporter-output>
        </test-method> <!-- test6 -->
        <test-method is-config="true" signature="teardown()[pri:0, instance:Testng.FacebookTest@6025e1b6]" started-at="2023-07-27T16:20:01 IST" name="teardown" finished-at="2023-07-27T16:20:01 IST" duration-ms="104" status="PASS">
          <reporter-output>
          </reporter-output>
        </test-method> <!-- teardown -->
      </class> <!-- Testng.FacebookTest -->
      <class name="Testng.TestNgFeatures">
        <test-method signature="loginTest()[pri:0, instance:Testng.TestNgFeatures@54d9d12d]" started-at="2023-07-27T16:19:37 IST" name="loginTest" finished-at="2023-07-27T16:19:37 IST" duration-ms="0" status="PASS">
          <reporter-output>
          </reporter-output>
        </test-method> <!-- loginTest -->
        <test-method signature="HomePageTest()[pri:0, instance:Testng.TestNgFeatures@54d9d12d]" started-at="2023-07-27T16:19:37 IST" name="HomePageTest" finished-at="2023-07-27T16:19:37 IST" depends-on-methods="Testng.TestNgFeatures.loginTest" duration-ms="0" status="PASS">
          <reporter-output>
          </reporter-output>
        </test-method> <!-- HomePageTest -->
        <test-method signature="RegistationPage()[pri:0, instance:Testng.TestNgFeatures@54d9d12d]" started-at="2023-07-27T16:19:37 IST" name="RegistationPage" finished-at="2023-07-27T16:19:37 IST" depends-on-methods="Testng.TestNgFeatures.loginTest" duration-ms="0" status="PASS">
          <reporter-output>
          </reporter-output>
        </test-method> <!-- RegistationPage -->
        <test-method signature="searchpageTest()[pri:0, instance:Testng.TestNgFeatures@54d9d12d]" started-at="2023-07-27T16:19:37 IST" name="searchpageTest" finished-at="2023-07-27T16:19:37 IST" depends-on-methods="Testng.TestNgFeatures.loginTest" duration-ms="0" status="PASS">
          <reporter-output>
          </reporter-output>
        </test-method> <!-- searchpageTest -->
      </class> <!-- Testng.TestNgFeatures -->
      <class name="Testng.InvocationCountTest">
        <test-method signature="sum()[pri:0, instance:Testng.InvocationCountTest@6f03482]" started-at="2023-07-27T16:20:01 IST" name="sum" finished-at="2023-07-27T16:20:01 IST" duration-ms="0" status="PASS">
          <reporter-output>
          </reporter-output>
        </test-method> <!-- sum -->
        <test-method signature="sum()[pri:0, instance:Testng.InvocationCountTest@6f03482]" started-at="2023-07-27T16:20:01 IST" name="sum" finished-at="2023-07-27T16:20:01 IST" duration-ms="0" status="PASS">
          <reporter-output>
          </reporter-output>
        </test-method> <!-- sum -->
        <test-method signature="sum()[pri:0, instance:Testng.InvocationCountTest@6f03482]" started-at="2023-07-27T16:20:01 IST" name="sum" finished-at="2023-07-27T16:20:01 IST" duration-ms="0" status="PASS">
          <reporter-output>
          </reporter-output>
        </test-method> <!-- sum -->
        <test-method signature="sum()[pri:0, instance:Testng.InvocationCountTest@6f03482]" started-at="2023-07-27T16:20:01 IST" name="sum" finished-at="2023-07-27T16:20:01 IST" duration-ms="0" status="PASS">
          <reporter-output>
          </reporter-output>
        </test-method> <!-- sum -->
        <test-method signature="sum()[pri:0, instance:Testng.InvocationCountTest@6f03482]" started-at="2023-07-27T16:20:01 IST" name="sum" finished-at="2023-07-27T16:20:01 IST" duration-ms="0" status="PASS">
          <reporter-output>
          </reporter-output>
        </test-method> <!-- sum -->
        <test-method signature="sum()[pri:0, instance:Testng.InvocationCountTest@6f03482]" started-at="2023-07-27T16:20:01 IST" name="sum" finished-at="2023-07-27T16:20:01 IST" duration-ms="0" status="PASS">
          <reporter-output>
          </reporter-output>
        </test-method> <!-- sum -->
        <test-method signature="sum()[pri:0, instance:Testng.InvocationCountTest@6f03482]" started-at="2023-07-27T16:20:01 IST" name="sum" finished-at="2023-07-27T16:20:01 IST" duration-ms="0" status="PASS">
          <reporter-output>
          </reporter-output>
        </test-method> <!-- sum -->
        <test-method signature="sum()[pri:0, instance:Testng.InvocationCountTest@6f03482]" started-at="2023-07-27T16:20:01 IST" name="sum" finished-at="2023-07-27T16:20:01 IST" duration-ms="0" status="PASS">
          <reporter-output>
          </reporter-output>
        </test-method> <!-- sum -->
        <test-method signature="sum()[pri:0, instance:Testng.InvocationCountTest@6f03482]" started-at="2023-07-27T16:20:01 IST" name="sum" finished-at="2023-07-27T16:20:01 IST" duration-ms="0" status="PASS">
          <reporter-output>
          </reporter-output>
        </test-method> <!-- sum -->
        <test-method signature="sum()[pri:0, instance:Testng.InvocationCountTest@6f03482]" started-at="2023-07-27T16:20:01 IST" name="sum" finished-at="2023-07-27T16:20:01 IST" duration-ms="0" status="PASS">
          <reporter-output>
          </reporter-output>
        </test-method> <!-- sum -->
      </class> <!-- Testng.InvocationCountTest -->
      <class name="Testng.ExceptionTimeOutTest">
        <test-method signature="infiniteloopTest()[pri:0, instance:Testng.ExceptionTimeOutTest@74235045]" started-at="2023-07-27T16:19:37 IST" name="infiniteloopTest" finished-at="2023-07-27T16:19:37 IST" duration-ms="8" status="FAIL">
          <exception class="org.testng.TestException">
            <message>
              <![CDATA[
Expected exception of type class java.lang.NumberFormatException but got org.testng.internal.thread.ThreadTimeoutException: Method Testng.ExceptionTimeOutTest.infiniteloopTest() didn't finish within the time-out 2]]>
            </message>
            <full-stacktrace>
              <![CDATA[org.testng.TestException: 
Expected exception of type class java.lang.NumberFormatException but got org.testng.internal.thread.ThreadTimeoutException: Method Testng.ExceptionTimeOutTest.infiniteloopTest() didn't finish within the time-out 2
at org.testng.internal.ExpectedExceptionsHolder.wrongException(ExpectedExceptionsHolder.java:68)
at org.testng.internal.TestInvoker.considerExceptions(TestInvoker.java:739)
at org.testng.internal.TestInvoker.invokeMethod(TestInvoker.java:634)
at org.testng.internal.TestInvoker.invokeTestMethod(TestInvoker.java:173)
at org.testng.internal.MethodRunner.runInSequence(MethodRunner.java:46)
at org.testng.internal.TestInvoker$MethodInvocationAgent.invoke(TestInvoker.java:824)
at org.testng.internal.TestInvoker.invokeTestMethods(TestInvoker.java:146)
at org.testng.internal.TestMethodWorker.invokeTestMethods(TestMethodWorker.java:146)
at org.testng.internal.TestMethodWorker.run(TestMethodWorker.java:128)
at java.base/java.util.ArrayList.forEach(ArrayList.java:1511)
at org.testng.TestRunner.privateRun(TestRunner.java:794)
at org.testng.TestRunner.run(TestRunner.java:596)
at org.testng.SuiteRunner.runTest(SuiteRunner.java:377)
at org.testng.SuiteRunner.runSequentially(SuiteRunner.java:371)
at org.testng.SuiteRunner.privateRun(SuiteRunner.java:332)
at org.testng.SuiteRunner.run(SuiteRunner.java:276)
at org.testng.SuiteRunnerWorker.runSuite(SuiteRunnerWorker.java:53)
at org.testng.SuiteRunnerWorker.run(SuiteRunnerWorker.java:96)
at org.testng.TestNG.runSuitesSequentially(TestNG.java:1212)
at org.testng.TestNG.runSuitesLocally(TestNG.java:1134)
at org.testng.TestNG.runSuites(TestNG.java:1063)
at org.testng.TestNG.run(TestNG.java:1031)
at org.apache.maven.surefire.testng.TestNGExecutor.run(TestNGExecutor.java:77)
at org.apache.maven.surefire.testng.TestNGDirectoryTestSuite.executeMulti(TestNGDirectoryTestSuite.java:159)
at org.apache.maven.surefire.testng.TestNGDirectoryTestSuite.execute(TestNGDirectoryTestSuite.java:99)
at org.apache.maven.surefire.testng.TestNGProvider.invoke(TestNGProvider.java:106)
at java.base/jdk.internal.reflect.NativeMethodAccessorImpl.invoke0(Native Method)
at java.base/jdk.internal.reflect.NativeMethodAccessorImpl.invoke(NativeMethodAccessorImpl.java:77)
at java.base/jdk.internal.reflect.DelegatingMethodAccessorImpl.invoke(DelegatingMethodAccessorImpl.java:43)
at java.base/java.lang.reflect.Method.invoke(Method.java:568)
at org.apache.maven.surefire.util.ReflectionUtils.invokeMethodWithArray(ReflectionUtils.java:189)
at org.apache.maven.surefire.booter.ProviderFactory$ProviderProxy.invoke(ProviderFactory.java:165)
at org.apache.maven.surefire.booter.ProviderFactory.invokeProvider(ProviderFactory.java:85)
at org.apache.maven.surefire.booter.ForkedBooter.runSuitesInProcess(ForkedBooter.java:115)
at org.apache.maven.surefire.booter.ForkedBooter.main(ForkedBooter.java:75)
Caused by: org.testng.internal.thread.ThreadTimeoutException: Method Testng.ExceptionTimeOutTest.infiniteloopTest() didn't finish within the time-out 2
at org.testng.internal.MethodInvocationHelper.invokeWithTimeoutWithNewExecutor(MethodInvocationHelper.java:384)
at org.testng.internal.MethodInvocationHelper.invokeWithTimeout(MethodInvocationHelper.java:283)
at org.testng.internal.TestInvoker.invokeMethod(TestInvoker.java:604)
... 32 more
]]>
            </full-stacktrace>
          </exception> <!-- org.testng.TestException -->
          <reporter-output>
          </reporter-output>
        </test-method> <!-- infiniteloopTest -->
        <test-method signature="test1()[pri:0, instance:Testng.ExceptionTimeOutTest@74235045]" started-at="2023-07-27T16:19:37 IST" name="test1" finished-at="2023-07-27T16:19:37 IST" duration-ms="0" status="PASS">
          <exception class="java.lang.NumberFormatException">
            <message>
              <![CDATA[For input string: "100A"]]>
            </message>
            <full-stacktrace>
              <![CDATA[java.lang.NumberFormatException: For input string: "100A"
at java.base/java.lang.NumberFormatException.forInputString(NumberFormatException.java:67)
at java.base/java.lang.Integer.parseInt(Integer.java:668)
at java.base/java.lang.Integer.parseInt(Integer.java:786)
at Testng.ExceptionTimeOutTest.test1(ExceptionTimeOutTest.java:22)
at java.base/jdk.internal.reflect.NativeMethodAccessorImpl.invoke0(Native Method)
at java.base/jdk.internal.reflect.NativeMethodAccessorImpl.invoke(NativeMethodAccessorImpl.java:77)
at java.base/jdk.internal.reflect.DelegatingMethodAccessorImpl.invoke(DelegatingMethodAccessorImpl.java:43)
at java.base/java.lang.reflect.Method.invoke(Method.java:568)
at org.testng.internal.MethodInvocationHelper.invokeMethod(MethodInvocationHelper.java:133)
at org.testng.internal.TestInvoker.invokeMethod(TestInvoker.java:598)
at org.testng.internal.TestInvoker.invokeTestMethod(TestInvoker.java:173)
at org.testng.internal.MethodRunner.runInSequence(MethodRunner.java:46)
at org.testng.internal.TestInvoker$MethodInvocationAgent.invoke(TestInvoker.java:824)
at org.testng.internal.TestInvoker.invokeTestMethods(TestInvoker.java:146)
at org.testng.internal.TestMethodWorker.invokeTestMethods(TestMethodWorker.java:146)
at org.testng.internal.TestMethodWorker.run(TestMethodWorker.java:128)
at java.base/java.util.ArrayList.forEach(ArrayList.java:1511)
at org.testng.TestRunner.privateRun(TestRunner.java:794)
at org.testng.TestRunner.run(TestRunner.java:596)
at org.testng.SuiteRunner.runTest(SuiteRunner.java:377)
at org.testng.SuiteRunner.runSequentially(SuiteRunner.java:371)
at org.testng.SuiteRunner.privateRun(SuiteRunner.java:332)
at org.testng.SuiteRunner.run(SuiteRunner.java:276)
at org.testng.SuiteRunnerWorker.runSuite(SuiteRunnerWorker.java:53)
at org.testng.SuiteRunnerWorker.run(SuiteRunnerWorker.java:96)
at org.testng.TestNG.runSuitesSequentially(TestNG.java:1212)
at org.testng.TestNG.runSuitesLocally(TestNG.java:1134)
at org.testng.TestNG.runSuites(TestNG.java:1063)
at org.testng.TestNG.run(TestNG.java:1031)
at org.apache.maven.surefire.testng.TestNGExecutor.run(TestNGExecutor.java:77)
at org.apache.maven.surefire.testng.TestNGDirectoryTestSuite.executeMulti(TestNGDirectoryTestSuite.java:159)
at org.apache.maven.surefire.testng.TestNGDirectoryTestSuite.execute(TestNGDirectoryTestSuite.java:99)
at org.apache.maven.surefire.testng.TestNGProvider.invoke(TestNGProvider.java:106)
at java.base/jdk.internal.reflect.NativeMethodAccessorImpl.invoke0(Native Method)
at java.base/jdk.internal.reflect.NativeMethodAccessorImpl.invoke(NativeMethodAccessorImpl.java:77)
at java.base/jdk.internal.reflect.DelegatingMethodAccessorImpl.invoke(DelegatingMethodAccessorImpl.java:43)
at java.base/java.lang.reflect.Method.invoke(Method.java:568)
at org.apache.maven.surefire.util.ReflectionUtils.invokeMethodWithArray(ReflectionUtils.java:189)
at org.apache.maven.surefire.booter.ProviderFactory$ProviderProxy.invoke(ProviderFactory.java:165)
at org.apache.maven.surefire.booter.ProviderFactory.invokeProvider(ProviderFactory.java:85)
at org.apache.maven.surefire.booter.ForkedBooter.runSuitesInProcess(ForkedBooter.java:115)
at org.apache.maven.surefire.booter.ForkedBooter.main(ForkedBooter.java:75)
]]>
            </full-stacktrace>
          </exception> <!-- java.lang.NumberFormatException -->
          <reporter-output>
          </reporter-output>
        </test-method> <!-- test1 -->
      </class> <!-- Testng.ExceptionTimeOutTest -->
      <class name="dataDrivenFromXml.ParameterrizeTest">
        <test-method signature="DatapullFromTextng(java.lang.String,java.lang.String,java.lang.String)[pri:1, instance:dataDrivenFromXml.ParameterrizeTest@179ece50]" started-at="2023-07-27T16:20:04 IST" name="DatapullFromTextng" finished-at="2023-07-27T16:20:04 IST" duration-ms="0" status="FAIL">
          <exception class="org.testng.TestNGException">
            <message>
              <![CDATA[
Parameter 'browser' is required by @Test on method DatapullFromTextng but has not been marked @Optional or defined
]]>
            </message>
            <full-stacktrace>
              <![CDATA[org.testng.TestNGException: 
Parameter 'browser' is required by @Test on method DatapullFromTextng but has not been marked @Optional or defined

at org.testng.internal.Parameters.createParams(Parameters.java:270)
at org.testng.internal.Parameters.createParametersForMethod(Parameters.java:358)
at org.testng.internal.Parameters.createParameters(Parameters.java:700)
at org.testng.internal.Parameters.handleParameters(Parameters.java:884)
at org.testng.internal.Parameters.handleParameters(Parameters.java:740)
at org.testng.internal.ParameterHandler.handleParameters(ParameterHandler.java:59)
at org.testng.internal.ParameterHandler.createParameters(ParameterHandler.java:38)
at org.testng.internal.TestInvoker$MethodInvocationAgent.invoke(TestInvoker.java:791)
at org.testng.internal.TestInvoker.invokeTestMethods(TestInvoker.java:146)
at org.testng.internal.TestMethodWorker.invokeTestMethods(TestMethodWorker.java:146)
at org.testng.internal.TestMethodWorker.run(TestMethodWorker.java:128)
at java.base/java.util.ArrayList.forEach(ArrayList.java:1511)
at org.testng.TestRunner.privateRun(TestRunner.java:794)
at org.testng.TestRunner.run(TestRunner.java:596)
at org.testng.SuiteRunner.runTest(SuiteRunner.java:377)
at org.testng.SuiteRunner.runSequentially(SuiteRunner.java:371)
at org.testng.SuiteRunner.privateRun(SuiteRunner.java:332)
at org.testng.SuiteRunner.run(SuiteRunner.java:276)
at org.testng.SuiteRunnerWorker.runSuite(SuiteRunnerWorker.java:53)
at org.testng.SuiteRunnerWorker.run(SuiteRunnerWorker.java:96)
at org.testng.TestNG.runSuitesSequentially(TestNG.java:1212)
at org.testng.TestNG.runSuitesLocally(TestNG.java:1134)
at org.testng.TestNG.runSuites(TestNG.java:1063)
at org.testng.TestNG.run(TestNG.java:1031)
at org.apache.maven.surefire.testng.TestNGExecutor.run(TestNGExecutor.java:77)
at org.apache.maven.surefire.testng.TestNGDirectoryTestSuite.executeMulti(TestNGDirectoryTestSuite.java:159)
at org.apache.maven.surefire.testng.TestNGDirectoryTestSuite.execute(TestNGDirectoryTestSuite.java:99)
at org.apache.maven.surefire.testng.TestNGProvider.invoke(TestNGProvider.java:106)
at java.base/jdk.internal.reflect.NativeMethodAccessorImpl.invoke0(Native Method)
at java.base/jdk.internal.reflect.NativeMethodAccessorImpl.invoke(NativeMethodAccessorImpl.java:77)
at java.base/jdk.internal.reflect.DelegatingMethodAccessorImpl.invoke(DelegatingMethodAccessorImpl.java:43)
at java.base/java.lang.reflect.Method.invoke(Method.java:568)
at org.apache.maven.surefire.util.ReflectionUtils.invokeMethodWithArray(ReflectionUtils.java:189)
at org.apache.maven.surefire.booter.ProviderFactory$ProviderProxy.invoke(ProviderFactory.java:165)
at org.apache.maven.surefire.booter.ProviderFactory.invokeProvider(ProviderFactory.java:85)
at org.apache.maven.surefire.booter.ForkedBooter.runSuitesInProcess(ForkedBooter.java:115)
at org.apache.maven.surefire.booter.ForkedBooter.main(ForkedBooter.java:75)
]]>
            </full-stacktrace>
          </exception> <!-- org.testng.TestNGException -->
          <reporter-output>
          </reporter-output>
        </test-method> <!-- DatapullFromTextng -->
      </class> <!-- dataDrivenFromXml.ParameterrizeTest -->
      <class name="Testng.GoogletitleTest">
        <test-method is-config="true" signature="Setup()[pri:0, instance:Testng.GoogletitleTest@9d5509a]" started-at="2023-07-27T16:20:01 IST" name="Setup" finished-at="2023-07-27T16:20:04 IST" duration-ms="3095" status="PASS">
          <reporter-output>
          </reporter-output>
        </test-method> <!-- Setup -->
        <test-method signature="test_title()[pri:0, instance:Testng.GoogletitleTest@9d5509a]" started-at="2023-07-27T16:20:04 IST" name="test_title" finished-at="2023-07-27T16:20:04 IST" duration-ms="16" status="PASS">
          <reporter-output>
          </reporter-output>
        </test-method> <!-- test_title -->
        <test-method is-config="true" signature="teardown()[pri:0, instance:Testng.GoogletitleTest@9d5509a]" started-at="2023-07-27T16:20:04 IST" name="teardown" finished-at="2023-07-27T16:20:04 IST" duration-ms="108" status="PASS">
          <reporter-output>
          </reporter-output>
        </test-method> <!-- teardown -->
      </class> <!-- Testng.GoogletitleTest -->
    </test> <!-- Command line test -->
  </suite> <!-- Command line suite -->
</testng-results>
