<?xml version="1.0" encoding="UTF-8"?>
<testng-results ignored="0" total="23" passed="21" failed="2" skipped="0">
  <reporter-output>
  </reporter-output>
  <suite started-at="2023-07-20T18:21:05 IST" name="TestNG Session Test Automation Suite" finished-at="2023-07-20T18:21:25 IST" duration-ms="19309">
    <groups>
      <group name="Linktext">
        <method signature="FacebookTest.Linktest()[pri:3, instance:Testng.FacebookTest@f78a47e]" name="Linktest" class="Testng.FacebookTest"/>
      </group> <!-- Linktext -->
      <group name="Test">
        <method signature="FacebookTest.test4()[pri:4, instance:Testng.FacebookTest@f78a47e]" name="test4" class="Testng.FacebookTest"/>
        <method signature="FacebookTest.test5()[pri:5, instance:Testng.FacebookTest@f78a47e]" name="test5" class="Testng.FacebookTest"/>
        <method signature="FacebookTest.test6()[pri:6, instance:Testng.FacebookTest@f78a47e]" name="test6" class="Testng.FacebookTest"/>
      </group> <!-- Test -->
      <group name="Title">
        <method signature="FacebookTest.test_title()[pri:1, instance:Testng.FacebookTest@f78a47e]" name="test_title" class="Testng.FacebookTest"/>
      </group> <!-- Title -->
      <group name="logo">
        <method signature="FacebookTest.googleLogotest()[pri:2, instance:Testng.FacebookTest@f78a47e]" name="googleLogotest" class="Testng.FacebookTest"/>
      </group> <!-- logo -->
    </groups>
    <test started-at="2023-07-20T18:21:05 IST" name="Different testng Features Test" finished-at="2023-07-20T18:21:25 IST" duration-ms="19309">
      <class name="Testng.FacebookTest">
        <test-method is-config="true" signature="Setup()[pri:0, instance:Testng.FacebookTest@f78a47e]" started-at="2023-07-20T18:21:05 IST" name="Setup" finished-at="2023-07-20T18:21:09 IST" duration-ms="3683" status="PASS">
          <reporter-output>
          </reporter-output>
        </test-method> <!-- Setup -->
        <test-method signature="test_title()[pri:1, instance:Testng.FacebookTest@f78a47e]" started-at="2023-07-20T18:21:09 IST" name="test_title" finished-at="2023-07-20T18:21:09 IST" duration-ms="6" status="PASS">
          <reporter-output>
          </reporter-output>
        </test-method> <!-- test_title -->
        <test-method is-config="true" signature="teardown()[pri:0, instance:Testng.FacebookTest@f78a47e]" started-at="2023-07-20T18:21:09 IST" name="teardown" finished-at="2023-07-20T18:21:09 IST" duration-ms="108" status="PASS">
          <reporter-output>
          </reporter-output>
        </test-method> <!-- teardown -->
        <test-method is-config="true" signature="Setup()[pri:0, instance:Testng.FacebookTest@f78a47e]" started-at="2023-07-20T18:21:09 IST" name="Setup" finished-at="2023-07-20T18:21:12 IST" duration-ms="3190" status="PASS">
          <reporter-output>
          </reporter-output>
        </test-method> <!-- Setup -->
        <test-method signature="googleLogotest()[pri:2, instance:Testng.FacebookTest@f78a47e]" started-at="2023-07-20T18:21:12 IST" name="googleLogotest" finished-at="2023-07-20T18:21:13 IST" duration-ms="39" status="PASS">
          <reporter-output>
          </reporter-output>
        </test-method> <!-- googleLogotest -->
        <test-method is-config="true" signature="teardown()[pri:0, instance:Testng.FacebookTest@f78a47e]" started-at="2023-07-20T18:21:13 IST" name="teardown" finished-at="2023-07-20T18:21:13 IST" duration-ms="101" status="PASS">
          <reporter-output>
          </reporter-output>
        </test-method> <!-- teardown -->
        <test-method is-config="true" signature="Setup()[pri:0, instance:Testng.FacebookTest@f78a47e]" started-at="2023-07-20T18:21:13 IST" name="Setup" finished-at="2023-07-20T18:21:15 IST" duration-ms="2130" status="PASS">
          <reporter-output>
          </reporter-output>
        </test-method> <!-- Setup -->
        <test-method signature="Linktest()[pri:3, instance:Testng.FacebookTest@f78a47e]" started-at="2023-07-20T18:21:15 IST" name="Linktest" finished-at="2023-07-20T18:21:15 IST" duration-ms="32" status="PASS">
          <reporter-output>
          </reporter-output>
        </test-method> <!-- Linktest -->
        <test-method is-config="true" signature="teardown()[pri:0, instance:Testng.FacebookTest@f78a47e]" started-at="2023-07-20T18:21:15 IST" name="teardown" finished-at="2023-07-20T18:21:15 IST" duration-ms="101" status="PASS">
          <reporter-output>
          </reporter-output>
        </test-method> <!-- teardown -->
        <test-method is-config="true" signature="Setup()[pri:0, instance:Testng.FacebookTest@f78a47e]" started-at="2023-07-20T18:21:15 IST" name="Setup" finished-at="2023-07-20T18:21:17 IST" duration-ms="2493" status="PASS">
          <reporter-output>
          </reporter-output>
        </test-method> <!-- Setup -->
        <test-method signature="test4()[pri:4, instance:Testng.FacebookTest@f78a47e]" started-at="2023-07-20T18:21:17 IST" name="test4" finished-at="2023-07-20T18:21:17 IST" duration-ms="3" status="PASS">
          <reporter-output>
          </reporter-output>
        </test-method> <!-- test4 -->
        <test-method is-config="true" signature="teardown()[pri:0, instance:Testng.FacebookTest@f78a47e]" started-at="2023-07-20T18:21:17 IST" name="teardown" finished-at="2023-07-20T18:21:17 IST" duration-ms="110" status="PASS">
          <reporter-output>
          </reporter-output>
        </test-method> <!-- teardown -->
        <test-method is-config="true" signature="Setup()[pri:0, instance:Testng.FacebookTest@f78a47e]" started-at="2023-07-20T18:21:17 IST" name="Setup" finished-at="2023-07-20T18:21:20 IST" duration-ms="2467" status="PASS">
          <reporter-output>
          </reporter-output>
        </test-method> <!-- Setup -->
        <test-method signature="test5()[pri:5, instance:Testng.FacebookTest@f78a47e]" started-at="2023-07-20T18:21:20 IST" name="test5" finished-at="2023-07-20T18:21:20 IST" duration-ms="3" status="PASS">
          <reporter-output>
          </reporter-output>
        </test-method> <!-- test5 -->
        <test-method is-config="true" signature="teardown()[pri:0, instance:Testng.FacebookTest@f78a47e]" started-at="2023-07-20T18:21:20 IST" name="teardown" finished-at="2023-07-20T18:21:20 IST" duration-ms="101" status="PASS">
          <reporter-output>
          </reporter-output>
        </test-method> <!-- teardown -->
        <test-method is-config="true" signature="Setup()[pri:0, instance:Testng.FacebookTest@f78a47e]" started-at="2023-07-20T18:21:20 IST" name="Setup" finished-at="2023-07-20T18:21:22 IST" duration-ms="2199" status="PASS">
          <reporter-output>
          </reporter-output>
        </test-method> <!-- Setup -->
        <test-method signature="test6()[pri:6, instance:Testng.FacebookTest@f78a47e]" started-at="2023-07-20T18:21:22 IST" name="test6" finished-at="2023-07-20T18:21:22 IST" duration-ms="2" status="PASS">
          <reporter-output>
          </reporter-output>
        </test-method> <!-- test6 -->
        <test-method is-config="true" signature="teardown()[pri:0, instance:Testng.FacebookTest@f78a47e]" started-at="2023-07-20T18:21:22 IST" name="teardown" finished-at="2023-07-20T18:21:22 IST" duration-ms="105" status="PASS">
          <reporter-output>
          </reporter-output>
        </test-method> <!-- teardown -->
      </class> <!-- Testng.FacebookTest -->
      <class name="Testng.TestNgFeatures">
        <test-method signature="loginTest()[pri:0, instance:Testng.TestNgFeatures@75d3a5e0]" started-at="2023-07-20T18:21:25 IST" name="loginTest" finished-at="2023-07-20T18:21:25 IST" duration-ms="0" status="PASS">
          <reporter-output>
          </reporter-output>
        </test-method> <!-- loginTest -->
        <test-method signature="HomePageTest()[pri:0, instance:Testng.TestNgFeatures@75d3a5e0]" started-at="2023-07-20T18:21:25 IST" name="HomePageTest" finished-at="2023-07-20T18:21:25 IST" depends-on-methods="Testng.TestNgFeatures.loginTest" duration-ms="0" status="PASS">
          <reporter-output>
          </reporter-output>
        </test-method> <!-- HomePageTest -->
        <test-method signature="RegistationPage()[pri:0, instance:Testng.TestNgFeatures@75d3a5e0]" started-at="2023-07-20T18:21:25 IST" name="RegistationPage" finished-at="2023-07-20T18:21:25 IST" depends-on-methods="Testng.TestNgFeatures.loginTest" duration-ms="0" status="PASS">
          <reporter-output>
          </reporter-output>
        </test-method> <!-- RegistationPage -->
        <test-method signature="searchpageTest()[pri:0, instance:Testng.TestNgFeatures@75d3a5e0]" started-at="2023-07-20T18:21:25 IST" name="searchpageTest" finished-at="2023-07-20T18:21:25 IST" depends-on-methods="Testng.TestNgFeatures.loginTest" duration-ms="0" status="PASS">
          <reporter-output>
          </reporter-output>
        </test-method> <!-- searchpageTest -->
      </class> <!-- Testng.TestNgFeatures -->
      <class name="Testng.InvocationCountTest">
        <test-method signature="sum()[pri:0, instance:Testng.InvocationCountTest@1ca3b418]" started-at="2023-07-20T18:21:25 IST" name="sum" finished-at="2023-07-20T18:21:25 IST" duration-ms="1" status="PASS">
          <reporter-output>
          </reporter-output>
        </test-method> <!-- sum -->
        <test-method signature="sum()[pri:0, instance:Testng.InvocationCountTest@1ca3b418]" started-at="2023-07-20T18:21:25 IST" name="sum" finished-at="2023-07-20T18:21:25 IST" duration-ms="1" status="PASS">
          <reporter-output>
          </reporter-output>
        </test-method> <!-- sum -->
        <test-method signature="sum()[pri:0, instance:Testng.InvocationCountTest@1ca3b418]" started-at="2023-07-20T18:21:25 IST" name="sum" finished-at="2023-07-20T18:21:25 IST" duration-ms="1" status="PASS">
          <reporter-output>
          </reporter-output>
        </test-method> <!-- sum -->
        <test-method signature="sum()[pri:0, instance:Testng.InvocationCountTest@1ca3b418]" started-at="2023-07-20T18:21:25 IST" name="sum" finished-at="2023-07-20T18:21:25 IST" duration-ms="0" status="PASS">
          <reporter-output>
          </reporter-output>
        </test-method> <!-- sum -->
        <test-method signature="sum()[pri:0, instance:Testng.InvocationCountTest@1ca3b418]" started-at="2023-07-20T18:21:25 IST" name="sum" finished-at="2023-07-20T18:21:25 IST" duration-ms="1" status="PASS">
          <reporter-output>
          </reporter-output>
        </test-method> <!-- sum -->
        <test-method signature="sum()[pri:0, instance:Testng.InvocationCountTest@1ca3b418]" started-at="2023-07-20T18:21:25 IST" name="sum" finished-at="2023-07-20T18:21:25 IST" duration-ms="0" status="PASS">
          <reporter-output>
          </reporter-output>
        </test-method> <!-- sum -->
        <test-method signature="sum()[pri:0, instance:Testng.InvocationCountTest@1ca3b418]" started-at="2023-07-20T18:21:25 IST" name="sum" finished-at="2023-07-20T18:21:25 IST" duration-ms="1" status="PASS">
          <reporter-output>
          </reporter-output>
        </test-method> <!-- sum -->
        <test-method signature="sum()[pri:0, instance:Testng.InvocationCountTest@1ca3b418]" started-at="2023-07-20T18:21:25 IST" name="sum" finished-at="2023-07-20T18:21:25 IST" duration-ms="0" status="PASS">
          <reporter-output>
          </reporter-output>
        </test-method> <!-- sum -->
        <test-method signature="sum()[pri:0, instance:Testng.InvocationCountTest@1ca3b418]" started-at="2023-07-20T18:21:25 IST" name="sum" finished-at="2023-07-20T18:21:25 IST" duration-ms="0" status="PASS">
          <reporter-output>
          </reporter-output>
        </test-method> <!-- sum -->
        <test-method signature="sum()[pri:0, instance:Testng.InvocationCountTest@1ca3b418]" started-at="2023-07-20T18:21:25 IST" name="sum" finished-at="2023-07-20T18:21:25 IST" duration-ms="0" status="PASS">
          <reporter-output>
          </reporter-output>
        </test-method> <!-- sum -->
      </class> <!-- Testng.InvocationCountTest -->
      <class name="Testng.ExceptionTimeOutTest">
        <test-method signature="infiniteloopTest()[pri:0, instance:Testng.ExceptionTimeOutTest@1e0b4072]" started-at="2023-07-20T18:21:05 IST" name="infiniteloopTest" finished-at="2023-07-20T18:21:05 IST" duration-ms="10" status="FAIL">
          <exception class="org.testng.TestException">
            <message>
              <![CDATA[
Expected exception of type class java.lang.NumberFormatException but got org.testng.internal.thread.ThreadTimeoutException: Method Testng.ExceptionTimeOutTest.infiniteloopTest() didn't finish within the time-out 2]]>
            </message>
            <full-stacktrace>
              <![CDATA[org.testng.TestException: 
Expected exception of type class java.lang.NumberFormatException but got org.testng.internal.thread.ThreadTimeoutException: Method Testng.ExceptionTimeOutTest.infiniteloopTest() didn't finish within the time-out 2
at org.testng.internal.ExpectedExceptionsHolder.wrongException(ExpectedExceptionsHolder.java:68)
at org.testng.internal.TestInvoker.considerExceptions(TestInvoker.java:739)
at org.testng.internal.TestInvoker.invokeMethod(TestInvoker.java:634)
at org.testng.internal.TestInvoker.invokeTestMethod(TestInvoker.java:173)
at org.testng.internal.MethodRunner.runInSequence(MethodRunner.java:46)
at org.testng.internal.TestInvoker$MethodInvocationAgent.invoke(TestInvoker.java:824)
at org.testng.internal.TestInvoker.invokeTestMethods(TestInvoker.java:146)
at org.testng.internal.TestMethodWorker.invokeTestMethods(TestMethodWorker.java:146)
at org.testng.internal.TestMethodWorker.run(TestMethodWorker.java:128)
at java.base/java.util.ArrayList.forEach(ArrayList.java:1511)
at org.testng.TestRunner.privateRun(TestRunner.java:794)
at org.testng.TestRunner.run(TestRunner.java:596)
at org.testng.SuiteRunner.runTest(SuiteRunner.java:377)
at org.testng.SuiteRunner.runSequentially(SuiteRunner.java:371)
at org.testng.SuiteRunner.privateRun(SuiteRunner.java:332)
at org.testng.SuiteRunner.run(SuiteRunner.java:276)
at org.testng.SuiteRunnerWorker.runSuite(SuiteRunnerWorker.java:53)
at org.testng.SuiteRunnerWorker.run(SuiteRunnerWorker.java:96)
at org.testng.TestNG.runSuitesSequentially(TestNG.java:1212)
at org.testng.TestNG.runSuitesLocally(TestNG.java:1134)
at org.testng.TestNG.runSuites(TestNG.java:1063)
at org.testng.TestNG.run(TestNG.java:1031)
at org.testng.remote.AbstractRemoteTestNG.run(AbstractRemoteTestNG.java:115)
at org.testng.remote.RemoteTestNG.initAndRun(RemoteTestNG.java:251)
at org.testng.remote.RemoteTestNG.main(RemoteTestNG.java:77)
Caused by: org.testng.internal.thread.ThreadTimeoutException: Method Testng.ExceptionTimeOutTest.infiniteloopTest() didn't finish within the time-out 2
at org.testng.internal.MethodInvocationHelper.invokeWithTimeoutWithNewExecutor(MethodInvocationHelper.java:384)
at org.testng.internal.MethodInvocationHelper.invokeWithTimeout(MethodInvocationHelper.java:283)
at org.testng.internal.TestInvoker.invokeMethod(TestInvoker.java:604)
... 22 more
]]>
            </full-stacktrace>
          </exception> <!-- org.testng.TestException -->
          <reporter-output>
          </reporter-output>
        </test-method> <!-- infiniteloopTest -->
        <test-method signature="test1()[pri:0, instance:Testng.ExceptionTimeOutTest@1e0b4072]" started-at="2023-07-20T18:21:05 IST" name="test1" finished-at="2023-07-20T18:21:05 IST" duration-ms="1" status="PASS">
          <exception class="java.lang.NumberFormatException">
            <message>
              <![CDATA[For input string: "100A"]]>
            </message>
            <full-stacktrace>
              <![CDATA[java.lang.NumberFormatException: For input string: "100A"
at java.base/java.lang.NumberFormatException.forInputString(NumberFormatException.java:67)
at java.base/java.lang.Integer.parseInt(Integer.java:668)
at java.base/java.lang.Integer.parseInt(Integer.java:786)
at Testng.ExceptionTimeOutTest.test1(ExceptionTimeOutTest.java:22)
at java.base/jdk.internal.reflect.NativeMethodAccessorImpl.invoke0(Native Method)
at java.base/jdk.internal.reflect.NativeMethodAccessorImpl.invoke(NativeMethodAccessorImpl.java:77)
at java.base/jdk.internal.reflect.DelegatingMethodAccessorImpl.invoke(DelegatingMethodAccessorImpl.java:43)
at java.base/java.lang.reflect.Method.invoke(Method.java:568)
at org.testng.internal.MethodInvocationHelper.invokeMethod(MethodInvocationHelper.java:133)
at org.testng.internal.TestInvoker.invokeMethod(TestInvoker.java:598)
at org.testng.internal.TestInvoker.invokeTestMethod(TestInvoker.java:173)
at org.testng.internal.MethodRunner.runInSequence(MethodRunner.java:46)
at org.testng.internal.TestInvoker$MethodInvocationAgent.invoke(TestInvoker.java:824)
at org.testng.internal.TestInvoker.invokeTestMethods(TestInvoker.java:146)
at org.testng.internal.TestMethodWorker.invokeTestMethods(TestMethodWorker.java:146)
at org.testng.internal.TestMethodWorker.run(TestMethodWorker.java:128)
at java.base/java.util.ArrayList.forEach(ArrayList.java:1511)
at org.testng.TestRunner.privateRun(TestRunner.java:794)
at org.testng.TestRunner.run(TestRunner.java:596)
at org.testng.SuiteRunner.runTest(SuiteRunner.java:377)
at org.testng.SuiteRunner.runSequentially(SuiteRunner.java:371)
at org.testng.SuiteRunner.privateRun(SuiteRunner.java:332)
at org.testng.SuiteRunner.run(SuiteRunner.java:276)
at org.testng.SuiteRunnerWorker.runSuite(SuiteRunnerWorker.java:53)
at org.testng.SuiteRunnerWorker.run(SuiteRunnerWorker.java:96)
at org.testng.TestNG.runSuitesSequentially(TestNG.java:1212)
at org.testng.TestNG.runSuitesLocally(TestNG.java:1134)
at org.testng.TestNG.runSuites(TestNG.java:1063)
at org.testng.TestNG.run(TestNG.java:1031)
at org.testng.remote.AbstractRemoteTestNG.run(AbstractRemoteTestNG.java:115)
at org.testng.remote.RemoteTestNG.initAndRun(RemoteTestNG.java:251)
at org.testng.remote.RemoteTestNG.main(RemoteTestNG.java:77)
]]>
            </full-stacktrace>
          </exception> <!-- java.lang.NumberFormatException -->
          <reporter-output>
          </reporter-output>
        </test-method> <!-- test1 -->
      </class> <!-- Testng.ExceptionTimeOutTest -->
      <class name="Testng.GoogletitleTest">
        <test-method is-config="true" signature="Setup()[pri:0, instance:Testng.GoogletitleTest@235ecd9f]" started-at="2023-07-20T18:21:22 IST" name="Setup" finished-at="2023-07-20T18:21:25 IST" duration-ms="2245" status="PASS">
          <reporter-output>
          </reporter-output>
        </test-method> <!-- Setup -->
        <test-method signature="test_title()[pri:0, instance:Testng.GoogletitleTest@235ecd9f]" started-at="2023-07-20T18:21:25 IST" name="test_title" finished-at="2023-07-20T18:21:25 IST" duration-ms="15" status="FAIL">
          <exception class="java.lang.AssertionError">
            <message>
              <![CDATA[title is not matched expected [Google789] but found [Google]]]>
            </message>
            <full-stacktrace>
              <![CDATA[java.lang.AssertionError: title is not matched expected [Google789] but found [Google]
at org.testng.Assert.fail(Assert.java:99)
at org.testng.Assert.failNotEquals(Assert.java:1037)
at org.testng.Assert.assertEqualsImpl(Assert.java:140)
at org.testng.Assert.assertEquals(Assert.java:122)
at org.testng.Assert.assertEquals(Assert.java:629)
at Testng.GoogletitleTest.test_title(GoogletitleTest.java:34)
at java.base/jdk.internal.reflect.NativeMethodAccessorImpl.invoke0(Native Method)
at java.base/jdk.internal.reflect.NativeMethodAccessorImpl.invoke(NativeMethodAccessorImpl.java:77)
at java.base/jdk.internal.reflect.DelegatingMethodAccessorImpl.invoke(DelegatingMethodAccessorImpl.java:43)
at java.base/java.lang.reflect.Method.invoke(Method.java:568)
at org.testng.internal.MethodInvocationHelper.invokeMethod(MethodInvocationHelper.java:133)
at org.testng.internal.TestInvoker.invokeMethod(TestInvoker.java:598)
at org.testng.internal.TestInvoker.invokeTestMethod(TestInvoker.java:173)
at org.testng.internal.MethodRunner.runInSequence(MethodRunner.java:46)
at org.testng.internal.TestInvoker$MethodInvocationAgent.invoke(TestInvoker.java:824)
at org.testng.internal.TestInvoker.invokeTestMethods(TestInvoker.java:146)
at org.testng.internal.TestMethodWorker.invokeTestMethods(TestMethodWorker.java:146)
at org.testng.internal.TestMethodWorker.run(TestMethodWorker.java:128)
at java.base/java.util.ArrayList.forEach(ArrayList.java:1511)
at org.testng.TestRunner.privateRun(TestRunner.java:794)
at org.testng.TestRunner.run(TestRunner.java:596)
at org.testng.SuiteRunner.runTest(SuiteRunner.java:377)
at org.testng.SuiteRunner.runSequentially(SuiteRunner.java:371)
at org.testng.SuiteRunner.privateRun(SuiteRunner.java:332)
at org.testng.SuiteRunner.run(SuiteRunner.java:276)
at org.testng.SuiteRunnerWorker.runSuite(SuiteRunnerWorker.java:53)
at org.testng.SuiteRunnerWorker.run(SuiteRunnerWorker.java:96)
at org.testng.TestNG.runSuitesSequentially(TestNG.java:1212)
at org.testng.TestNG.runSuitesLocally(TestNG.java:1134)
at org.testng.TestNG.runSuites(TestNG.java:1063)
at org.testng.TestNG.run(TestNG.java:1031)
at org.testng.remote.AbstractRemoteTestNG.run(AbstractRemoteTestNG.java:115)
at org.testng.remote.RemoteTestNG.initAndRun(RemoteTestNG.java:251)
at org.testng.remote.RemoteTestNG.main(RemoteTestNG.java:77)
]]>
            </full-stacktrace>
          </exception> <!-- java.lang.AssertionError -->
          <reporter-output>
          </reporter-output>
        </test-method> <!-- test_title -->
        <test-method is-config="true" signature="teardown()[pri:0, instance:Testng.GoogletitleTest@235ecd9f]" started-at="2023-07-20T18:21:25 IST" name="teardown" finished-at="2023-07-20T18:21:25 IST" duration-ms="101" status="PASS">
          <reporter-output>
          </reporter-output>
        </test-method> <!-- teardown -->
      </class> <!-- Testng.GoogletitleTest -->
    </test> <!-- Different testng Features Test -->
  </suite> <!-- TestNG Session Test Automation Suite -->
</testng-results>
