<?xml version="1.0" encoding="UTF-8"?>
<!-- Generated by org.testng.reporters.JUnitXMLReporter -->
<testsuite ignored="0" hostname="vyrazu66-ThinkCentre-M70t" failures="2" tests="24" name="Command line test" time="27.567" errors="0" timestamp="2023-07-27T16:20:04 IST">
  <testcase classname="Testng.ExceptionTimeOutTest" name="infiniteloopTest" time="0.008">
    <failure type="org.testng.TestException" message="
Expected exception of type class java.lang.NumberFormatException but got org.testng.internal.thread.ThreadTimeoutException: Method Testng.ExceptionTimeOutTest.infiniteloopTest() didn&amp;apos;t finish within the time-out 2">
      <![CDATA[org.testng.TestException: 
at java.base/java.util.ArrayList.forEach(ArrayList.java:1511)
... 32 more
... Removed 39 stack frames]]>
    </failure>
  </testcase> <!-- infiniteloopTest -->
  <testcase classname="Testng.ExceptionTimeOutTest" name="test1" time="0.0"/>
  <testcase classname="Testng.TestNgFeatures" name="loginTest" time="0.0"/>
  <testcase classname="Testng.TestNgFeatures" name="HomePageTest" time="0.0"/>
  <testcase classname="Testng.TestNgFeatures" name="RegistationPage" time="0.0"/>
  <testcase classname="Testng.TestNgFeatures" name="searchpageTest" time="0.0"/>
  <testcase classname="Testng.FacebookTest" name="test_title" time="0.01"/>
  <testcase classname="Testng.FacebookTest" name="googleLogotest" time="0.068"/>
  <testcase classname="Testng.FacebookTest" name="Linktest" time="0.091"/>
  <testcase classname="Testng.FacebookTest" name="test4" time="0.0"/>
  <testcase classname="Testng.FacebookTest" name="test5" time="0.0"/>
  <testcase classname="Testng.FacebookTest" name="test6" time="0.0"/>
  <testcase classname="Testng.InvocationCountTest" name="sum" time="0.0"/>
  <testcase classname="Testng.InvocationCountTest" name="sum" time="0.0"/>
  <testcase classname="Testng.InvocationCountTest" name="sum" time="0.0"/>
  <testcase classname="Testng.InvocationCountTest" name="sum" time="0.0"/>
  <testcase classname="Testng.InvocationCountTest" name="sum" time="0.0"/>
  <testcase classname="Testng.InvocationCountTest" name="sum" time="0.0"/>
  <testcase classname="Testng.InvocationCountTest" name="sum" time="0.0"/>
  <testcase classname="Testng.InvocationCountTest" name="sum" time="0.0"/>
  <testcase classname="Testng.InvocationCountTest" name="sum" time="0.0"/>
  <testcase classname="Testng.InvocationCountTest" name="sum" time="0.0"/>
  <testcase classname="Testng.GoogletitleTest" name="test_title" time="0.016"/>
  <testcase classname="dataDrivenFromXml.ParameterrizeTest" name="DatapullFromTextng" time="0.0">
    <failure type="org.testng.TestNGException" message="
Parameter &amp;apos;browser&amp;apos; is required by @Test on method DatapullFromTextng but has not been marked @Optional or defined
">
      <![CDATA[org.testng.TestNGException: 
Parameter 'browser' is required by @Test on method DatapullFromTextng but has not been marked @Optional or defined

at java.base/java.util.ArrayList.forEach(ArrayList.java:1511)
... Removed 36 stack frames]]>
    </failure>
  </testcase> <!-- DatapullFromTextng -->
</testsuite> <!-- Command line test -->
