<?xml version="1.0" encoding="UTF-8"?>
<!-- Generated by org.testng.reporters.JUnitXMLReporter -->
<testsuite ignored="0" hostname="vyrazu66-ThinkCentre-M70t" failures="1" tests="5" name="Free Aidby App Test Cases" time="39.299" errors="0" timestamp="2023-11-01T19:41:36 IST">
  <testcase classname="com.dev.addby.testcases.LoginPagetest" name="loginTest" time="0.476"/>
  <testcase classname="com.dev.addby.testcases.ServiceOfferedHomePageTest" name="selectCookingServiceTest" time="4.188"/>
  <testcase classname="com.dev.addby.testcases.ServiceListingTest" name="ViewUserprofile" time="1.241"/>
  <testcase classname="com.dev.addby.testcases.UserProfilePageTest" name="UserBookNow" time="0.962"/>
  <testcase classname="com.dev.addby.testcases.UserBookingPageTest" name="UserBookingServiceForNowTest" time="3.235">
    <failure type="org.openqa.selenium.ElementClickInterceptedException" message="element click intercepted: Element &amp;lt;div class=&amp;quot;mantine-1o3h8kj mantine-Select-item&amp;quot; id=&amp;quot;mantine-15igc1jt6-0&amp;quot; role=&amp;quot;option&amp;quot; tabindex=&amp;quot;-1&amp;quot; aria-selected=&amp;quot;false&amp;quot;&amp;gt;...&amp;lt;/div&amp;gt; is not clickable at point (526, 753). Other element would receive the click: &amp;lt;div class=&amp;quot;mantine-Overlay-root mantine-n34huv&amp;quot;&amp;gt;&amp;lt;/div&amp;gt;
  (Session info: chrome=114.0.5735.133)
Build info: version: &amp;apos;3.141.59&amp;apos;, revision: &amp;apos;e82be7d358&amp;apos;, time: &amp;apos;2018-11-14T08:17:03&amp;apos;
System info: host: &amp;apos;vyrazu66-ThinkCentre-M70t&amp;apos;, ip: &amp;apos;127.0.1.1&amp;apos;, os.name: &amp;apos;Linux&amp;apos;, os.arch: &amp;apos;amd64&amp;apos;, os.version: &amp;apos;6.2.0-36-generic&amp;apos;, java.version: &amp;apos;17.0.8.1&amp;apos;
Driver info: org.openqa.selenium.chrome.ChromeDriver
Capabilities {acceptInsecureCerts: false, browserName: chrome, browserVersion: 114.0.5735.133, chrome: {chromedriverVersion: 114.0.5735.90 (386bc09e8f4f..., userDataDir: /tmp/.com.google.Chrome.DuBFv1}, goog:chromeOptions: {debuggerAddress: localhost:44831}, javascriptEnabled: true, networkConnectionEnabled: false, pageLoadStrategy: normal, platform: LINUX, platformName: LINUX, proxy: Proxy(), setWindowRect: true, strictFileInteractability: false, timeouts: {implicit: 0, pageLoad: 300000, script: 30000}, unhandledPromptBehavior: dismiss and notify, webauthn:extension:credBlob: true, webauthn:extension:largeBlob: true, webauthn:extension:minPinLength: true, webauthn:extension:prf: true, webauthn:virtualAuthenticators: true}
Session ID: b0d71e8a0223070f397f1718c373ff17">
      <![CDATA[org.openqa.selenium.ElementClickInterceptedException: element click intercepted: Element <div class="mantine-1o3h8kj mantine-Select-item" id="mantine-15igc1jt6-0" role="option" tabindex="-1" aria-selected="false">...</div> is not clickable at point (526, 753). Other element would receive the click: <div class="mantine-Overlay-root mantine-n34huv"></div>
  (Session info: chrome=114.0.5735.133)
Build info: version: '3.141.59', revision: 'e82be7d358', time: '2018-11-14T08:17:03'
System info: host: 'vyrazu66-ThinkCentre-M70t', ip: '127.0.1.1', os.name: 'Linux', os.arch: 'amd64', os.version: '6.2.0-36-generic', java.version: '17.0.8.1'
Driver info: org.openqa.selenium.chrome.ChromeDriver
Capabilities {acceptInsecureCerts: false, browserName: chrome, browserVersion: 114.0.5735.133, chrome: {chromedriverVersion: 114.0.5735.90 (386bc09e8f4f..., userDataDir: /tmp/.com.google.Chrome.DuBFv1}, goog:chromeOptions: {debuggerAddress: localhost:44831}, javascriptEnabled: true, networkConnectionEnabled: false, pageLoadStrategy: normal, platform: LINUX, platformName: LINUX, proxy: Proxy(), setWindowRect: true, strictFileInteractability: false, timeouts: {implicit: 0, pageLoad: 300000, script: 30000}, unhandledPromptBehavior: dismiss and notify, webauthn:extension:credBlob: true, webauthn:extension:largeBlob: true, webauthn:extension:minPinLength: true, webauthn:extension:prf: true, webauthn:virtualAuthenticators: true}
Session ID: b0d71e8a0223070f397f1718c373ff17
at org.openqa.selenium.remote.http.W3CHttpResponseCodec.createException(W3CHttpResponseCodec.java:187)
at org.openqa.selenium.remote.http.W3CHttpResponseCodec.decode(W3CHttpResponseCodec.java:122)
at org.openqa.selenium.remote.http.W3CHttpResponseCodec.decode(W3CHttpResponseCodec.java:49)
at org.openqa.selenium.remote.HttpCommandExecutor.execute(HttpCommandExecutor.java:158)
at org.openqa.selenium.remote.service.DriverCommandExecutor.execute(DriverCommandExecutor.java:83)
at org.openqa.selenium.remote.RemoteWebDriver.execute(RemoteWebDriver.java:552)
at org.openqa.selenium.remote.RemoteWebElement.execute(RemoteWebElement.java:285)
at org.openqa.selenium.remote.RemoteWebElement.click(RemoteWebElement.java:84)
at org.openqa.selenium.support.pagefactory.internal.LocatingElementHandler.invoke(LocatingElementHandler.java:51)
at jdk.proxy2/jdk.proxy2.$Proxy11.click(Unknown Source)
at com.dev.addby.pages.UserBookingPage.BookingServiceForNow(UserBookingPage.java:44)
at com.dev.addby.testcases.UserBookingPageTest.UserBookingServiceForNowTest(UserBookingPageTest.java:46)
at java.base/java.util.ArrayList.forEach(ArrayList.java:1511)
... Removed 35 stack frames]]>
    </failure>
  </testcase> <!-- UserBookingServiceForNowTest -->
</testsuite> <!-- Free Aidby App Test Cases -->
